<!DOCTYPE html>
<html>
  <head>
    <meta charset="utf-8"/>
    <title>Test Report</title>
    <link href="assets/style.css" rel="stylesheet" type="text/css"/></head>
  <body onLoad="init()">
    <script>/* This Source Code Form is subject to the terms of the Mozilla Public
 * License, v. 2.0. If a copy of the MPL was not distributed with this file,
 * You can obtain one at http://mozilla.org/MPL/2.0/. */


function toArray(iter) {
    if (iter === null) {
        return null;
    }
    return Array.prototype.slice.call(iter);
}

function find(selector, elem) {
    if (!elem) {
        elem = document;
    }
    return elem.querySelector(selector);
}

function find_all(selector, elem) {
    if (!elem) {
        elem = document;
    }
    return toArray(elem.querySelectorAll(selector));
}

function sort_column(elem) {
    toggle_sort_states(elem);
    var colIndex = toArray(elem.parentNode.childNodes).indexOf(elem);
    var key;
    if (elem.classList.contains('numeric')) {
        key = key_num;
    } else if (elem.classList.contains('result')) {
        key = key_result;
    } else {
        key = key_alpha;
    }
    sort_table(elem, key(colIndex));
}

function show_all_extras() {
    find_all('.col-result').forEach(show_extras);
}

function hide_all_extras() {
    find_all('.col-result').forEach(hide_extras);
}

function show_extras(colresult_elem) {
    var extras = colresult_elem.parentNode.nextElementSibling;
    var expandcollapse = colresult_elem.firstElementChild;
    extras.classList.remove("collapsed");
    expandcollapse.classList.remove("expander");
    expandcollapse.classList.add("collapser");
}

function hide_extras(colresult_elem) {
    var extras = colresult_elem.parentNode.nextElementSibling;
    var expandcollapse = colresult_elem.firstElementChild;
    extras.classList.add("collapsed");
    expandcollapse.classList.remove("collapser");
    expandcollapse.classList.add("expander");
}

function show_filters() {
    var filter_items = document.getElementsByClassName('filter');
    for (var i = 0; i < filter_items.length; i++)
        filter_items[i].hidden = false;
}

function add_collapse() {
    // Add links for show/hide all
    var resulttable = find('table#results-table');
    var showhideall = document.createElement("p");
    showhideall.innerHTML = '<a href="javascript:show_all_extras()">Show all details</a> / ' +
                            '<a href="javascript:hide_all_extras()">Hide all details</a>';
    resulttable.parentElement.insertBefore(showhideall, resulttable);

    // Add show/hide link to each result
    find_all('.col-result').forEach(function(elem) {
        var collapsed = get_query_parameter('collapsed') || 'Passed';
        var extras = elem.parentNode.nextElementSibling;
        var expandcollapse = document.createElement("span");
        if (extras.classList.contains("collapsed")) {
            expandcollapse.classList.add("expander")
        } else if (collapsed.includes(elem.innerHTML)) {
            extras.classList.add("collapsed");
            expandcollapse.classList.add("expander");
        } else {
            expandcollapse.classList.add("collapser");
        }
        elem.appendChild(expandcollapse);

        elem.addEventListener("click", function(event) {
            if (event.currentTarget.parentNode.nextElementSibling.classList.contains("collapsed")) {
                show_extras(event.currentTarget);
            } else {
                hide_extras(event.currentTarget);
            }
        });
    })
}

function get_query_parameter(name) {
    var match = RegExp('[?&]' + name + '=([^&]*)').exec(window.location.search);
    return match && decodeURIComponent(match[1].replace(/\+/g, ' '));
}

function init () {
    reset_sort_headers();

    add_collapse();

    show_filters();

    sort_column(find('.initial-sort'));

    find_all('.sortable').forEach(function(elem) {
        elem.addEventListener("click",
                              function(event) {
                                  sort_column(elem);
                              }, false)
    });

};

function sort_table(clicked, key_func) {
    var rows = find_all('.results-table-row');
    var reversed = !clicked.classList.contains('asc');
    var sorted_rows = sort(rows, key_func, reversed);
    /* Whole table is removed here because browsers acts much slower
     * when appending existing elements.
     */
    var thead = document.getElementById("results-table-head");
    document.getElementById('results-table').remove();
    var parent = document.createElement("table");
    parent.id = "results-table";
    parent.appendChild(thead);
    sorted_rows.forEach(function(elem) {
        parent.appendChild(elem);
    });
    document.getElementsByTagName("BODY")[0].appendChild(parent);
}

function sort(items, key_func, reversed) {
    var sort_array = items.map(function(item, i) {
        return [key_func(item), i];
    });

    sort_array.sort(function(a, b) {
        var key_a = a[0];
        var key_b = b[0];

        if (key_a == key_b) return 0;

        if (reversed) {
            return (key_a < key_b ? 1 : -1);
        } else {
            return (key_a > key_b ? 1 : -1);
        }
    });

    return sort_array.map(function(item) {
        var index = item[1];
        return items[index];
    });
}

function key_alpha(col_index) {
    return function(elem) {
        return elem.childNodes[1].childNodes[col_index].firstChild.data.toLowerCase();
    };
}

function key_num(col_index) {
    return function(elem) {
        return parseFloat(elem.childNodes[1].childNodes[col_index].firstChild.data);
    };
}

function key_result(col_index) {
    return function(elem) {
        var strings = ['Error', 'Failed', 'Rerun', 'XFailed', 'XPassed',
                       'Skipped', 'Passed'];
        return strings.indexOf(elem.childNodes[1].childNodes[col_index].firstChild.data);
    };
}

function reset_sort_headers() {
    find_all('.sort-icon').forEach(function(elem) {
        elem.parentNode.removeChild(elem);
    });
    find_all('.sortable').forEach(function(elem) {
        var icon = document.createElement("div");
        icon.className = "sort-icon";
        icon.textContent = "vvv";
        elem.insertBefore(icon, elem.firstChild);
        elem.classList.remove("desc", "active");
        elem.classList.add("asc", "inactive");
    });
}

function toggle_sort_states(elem) {
    //if active, toggle between asc and desc
    if (elem.classList.contains('active')) {
        elem.classList.toggle('asc');
        elem.classList.toggle('desc');
    }

    //if inactive, reset all other functions and add ascending active
    if (elem.classList.contains('inactive')) {
        reset_sort_headers();
        elem.classList.remove('inactive');
        elem.classList.add('active');
    }
}

function is_all_rows_hidden(value) {
  return value.hidden == false;
}

function filter_table(elem) {
    var outcome_att = "data-test-result";
    var outcome = elem.getAttribute(outcome_att);
    class_outcome = outcome + " results-table-row";
    var outcome_rows = document.getElementsByClassName(class_outcome);

    for(var i = 0; i < outcome_rows.length; i++){
        outcome_rows[i].hidden = !elem.checked;
    }

    var rows = find_all('.results-table-row').filter(is_all_rows_hidden);
    var all_rows_hidden = rows.length == 0 ? true : false;
    var not_found_message = document.getElementById("not-found-message");
    not_found_message.hidden = !all_rows_hidden;
}
</script>
    <h1>report1.html</h1>
    <p>Report generated on 27-Aug-2020 at 17:13:06 by <a href="https://pypi.python.org/pypi/pytest-html">pytest-html</a> v2.1.1</p>
    <h2>Environment</h2>
    <table id="environment">
      <tr>
        <td>JAVA_HOME</td>
        <td>C:\Program Files\Java\jdk1.8.0_201</td></tr>
      <tr>
        <td>Packages</td>
        <td>{"pluggy": "0.13.1", "py": "1.8.1", "pytest": "5.3.5"}</td></tr>
      <tr>
        <td>Platform</td>
        <td>Windows-10-10.0.18362-SP0</td></tr>
      <tr>
        <td>Plugins</td>
        <td>{"forked": "1.1.3", "html": "2.1.1", "metadata": "1.10.0", "xdist": "1.31.0"}</td></tr>
      <tr>
        <td>Python</td>
        <td>3.6.4</td></tr></table>
    <h2>Summary</h2>
    <p>2 tests ran in 37.30 seconds. </p>
    <p class="filter" hidden="true">(Un)check the boxes to filter the results.</p><input checked="true" class="filter" data-test-result="passed" hidden="true" name="filter_checkbox" onChange="filter_table(this)" type="checkbox"/><span class="passed">1 passed</span>, <input checked="true" class="filter" data-test-result="skipped" disabled="true" hidden="true" name="filter_checkbox" onChange="filter_table(this)" type="checkbox"/><span class="skipped">0 skipped</span>, <input checked="true" class="filter" data-test-result="failed" hidden="true" name="filter_checkbox" onChange="filter_table(this)" type="checkbox"/><span class="failed">1 failed</span>, <input checked="true" class="filter" data-test-result="error" disabled="true" hidden="true" name="filter_checkbox" onChange="filter_table(this)" type="checkbox"/><span class="error">0 errors</span>, <input checked="true" class="filter" data-test-result="xfailed" disabled="true" hidden="true" name="filter_checkbox" onChange="filter_table(this)" type="checkbox"/><span class="xfailed">0 expected failures</span>, <input checked="true" class="filter" data-test-result="xpassed" disabled="true" hidden="true" name="filter_checkbox" onChange="filter_table(this)" type="checkbox"/><span class="xpassed">0 unexpected passes</span>
    <h2>Results</h2>
    <table id="results-table">
      <thead id="results-table-head">
        <tr>
          <th class="sortable result initial-sort" col="result">Result</th>
          <th class="sortable" col="name">Test</th>
          <th class="sortable numeric" col="duration">Duration</th>
          <th>Links</th></tr>
        <tr hidden="true" id="not-found-message">
          <th colspan="4">No results found. Try to check the filters</th></tr></thead>
      <tbody class="failed results-table-row">
        <tr>
          <td class="col-result">Failed</td>
          <td class="col-name">test_login.py::LoginTests::test_validLogin</td>
          <td class="col-duration">13.44</td>
          <td class="col-links"></td></tr>
        <tr>
          <td class="extra" colspan="4">
            <div class="log">self = &lt;tests.home.test_login.LoginTests testMethod=test_validLogin&gt;<br/><br/>    @pytest.mark.run(order=2)<br/>    def test_validLogin(self):<br/>        self.lp.login(&quot;test@email.com&quot;, &quot;abcabc&quot;)<br/>        result1 = self.lp.verifyLoginTitle()<br/>        self.ts.mark(result1, &quot;Title Verification&quot;)<br/>        result2 = self.lp.verifyLoginSuccessful()<br/>&gt;       self.ts.markFinal(&quot;test_validLogin&quot;, result2, &quot;Login Verification&quot;)<br/><br/>test_login.py:20: <br/>_ _ _ _ _ _ _ _ _ _ _ _ _ _ _ _ _ _ _ _ _ _ _ _ _ _ _ _ _ _ _ _ _ _ _ _ _ _ _ _ <br/><br/>self = &lt;utilities.teststatus.TestStatus object at 0x0000020233125400&gt;, testName = &#x27;test_validLogin&#x27;, result = False, resultMessage = &#x27;Login Verification&#x27;<br/><br/>    def markFinal(self, testName, result, resultMessage):<br/>        &quot;&quot;&quot;<br/>        Mark the final result of the verification point in a test case<br/>        This needs to be called at least once in a test case<br/>        This should be final test status of the test case<br/>        &quot;&quot;&quot;<br/>        self.setResult(result, resultMessage)<br/>    <br/>        if &quot;FAIL&quot; in self.resultList:<br/>            self.log.error(testName +  &quot; ### TEST FAILED&quot;)<br/>            self.resultList.clear()<br/>&gt;           assert True == False<br/><span class="error">E           AssertionError</span><br/><br/>..\..\utilities\teststatus.py:63: AssertionError<br/> -----------------------------Captured stdout setup------------------------------ <br/>Running method level setUp
<br/> ------------------------------Captured stderr call------------------------------ <br/>  File &quot;C:\Users\Kiran\AppData\Local\Programs\Python\Python36\Lib\runpy.py&quot;, line 193, in _run_module_as_main
    &quot;__main__&quot;, mod_spec)
  File &quot;C:\Users\Kiran\AppData\Local\Programs\Python\Python36\Lib\runpy.py&quot;, line 85, in _run_code
    exec(code, run_globals)
  File &quot;C:\Users\Kiran\AppData\Local\Programs\Python\Python36\Scripts\pytest.exe\__main__.py&quot;, line 9, in &lt;module&gt;
    sys.exit(main())
  File &quot;c:\users\kiran\appdata\local\programs\python\python36\lib\site-packages\_pytest\config\__init__.py&quot;, line 93, in main
    config=config
  File &quot;c:\users\kiran\appdata\local\programs\python\python36\lib\site-packages\pluggy\hooks.py&quot;, line 286, in __call__
    return self._hookexec(self, self.get_hookimpls(), kwargs)
  File &quot;c:\users\kiran\appdata\local\programs\python\python36\lib\site-packages\pluggy\manager.py&quot;, line 93, in _hookexec
    return self._inner_hookexec(hook, methods, kwargs)
  File &quot;c:\users\kiran\appdata\local\programs\python\python36\lib\site-packages\pluggy\manager.py&quot;, line 87, in &lt;lambda&gt;
    firstresult=hook.spec.opts.get(&quot;firstresult&quot;) if hook.spec else False,
  File &quot;c:\users\kiran\appdata\local\programs\python\python36\lib\site-packages\pluggy\callers.py&quot;, line 187, in _multicall
    res = hook_impl.function(*args)
  File &quot;c:\users\kiran\appdata\local\programs\python\python36\lib\site-packages\_pytest\main.py&quot;, line 240, in pytest_cmdline_main
    return wrap_session(config, _main)
  File &quot;c:\users\kiran\appdata\local\programs\python\python36\lib\site-packages\_pytest\main.py&quot;, line 197, in wrap_session
    session.exitstatus = doit(config, session) or 0
  File &quot;c:\users\kiran\appdata\local\programs\python\python36\lib\site-packages\_pytest\main.py&quot;, line 247, in _main
    config.hook.pytest_runtestloop(session=session)
  File &quot;c:\users\kiran\appdata\local\programs\python\python36\lib\site-packages\pluggy\hooks.py&quot;, line 286, in __call__
    return self._hookexec(self, self.get_hookimpls(), kwargs)
  File &quot;c:\users\kiran\appdata\local\programs\python\python36\lib\site-packages\pluggy\manager.py&quot;, line 93, in _hookexec
    return self._inner_hookexec(hook, methods, kwargs)
  File &quot;c:\users\kiran\appdata\local\programs\python\python36\lib\site-packages\pluggy\manager.py&quot;, line 87, in &lt;lambda&gt;
    firstresult=hook.spec.opts.get(&quot;firstresult&quot;) if hook.spec else False,
  File &quot;c:\users\kiran\appdata\local\programs\python\python36\lib\site-packages\pluggy\callers.py&quot;, line 187, in _multicall
    res = hook_impl.function(*args)
  File &quot;c:\users\kiran\appdata\local\programs\python\python36\lib\site-packages\_pytest\main.py&quot;, line 271, in pytest_runtestloop
    item.config.hook.pytest_runtest_protocol(item=item, nextitem=nextitem)
  File &quot;c:\users\kiran\appdata\local\programs\python\python36\lib\site-packages\pluggy\hooks.py&quot;, line 286, in __call__
    return self._hookexec(self, self.get_hookimpls(), kwargs)
  File &quot;c:\users\kiran\appdata\local\programs\python\python36\lib\site-packages\pluggy\manager.py&quot;, line 93, in _hookexec
    return self._inner_hookexec(hook, methods, kwargs)
  File &quot;c:\users\kiran\appdata\local\programs\python\python36\lib\site-packages\pluggy\manager.py&quot;, line 87, in &lt;lambda&gt;
    firstresult=hook.spec.opts.get(&quot;firstresult&quot;) if hook.spec else False,
  File &quot;c:\users\kiran\appdata\local\programs\python\python36\lib\site-packages\pluggy\callers.py&quot;, line 187, in _multicall
    res = hook_impl.function(*args)
  File &quot;c:\users\kiran\appdata\local\programs\python\python36\lib\site-packages\_pytest\runner.py&quot;, line 84, in pytest_runtest_protocol
    runtestprotocol(item, nextitem=nextitem)
  File &quot;c:\users\kiran\appdata\local\programs\python\python36\lib\site-packages\_pytest\runner.py&quot;, line 99, in runtestprotocol
    reports.append(call_and_report(item, &quot;call&quot;, log))
  File &quot;c:\users\kiran\appdata\local\programs\python\python36\lib\site-packages\_pytest\runner.py&quot;, line 185, in call_and_report
    call = call_runtest_hook(item, when, **kwds)
  File &quot;c:\users\kiran\appdata\local\programs\python\python36\lib\site-packages\_pytest\runner.py&quot;, line 210, in call_runtest_hook
    lambda: ihook(item=item, **kwds), when=when, reraise=reraise
  File &quot;c:\users\kiran\appdata\local\programs\python\python36\lib\site-packages\_pytest\runner.py&quot;, line 237, in from_call
    result = func()
  File &quot;c:\users\kiran\appdata\local\programs\python\python36\lib\site-packages\_pytest\runner.py&quot;, line 210, in &lt;lambda&gt;
    lambda: ihook(item=item, **kwds), when=when, reraise=reraise
  File &quot;c:\users\kiran\appdata\local\programs\python\python36\lib\site-packages\pluggy\hooks.py&quot;, line 286, in __call__
    return self._hookexec(self, self.get_hookimpls(), kwargs)
  File &quot;c:\users\kiran\appdata\local\programs\python\python36\lib\site-packages\pluggy\manager.py&quot;, line 93, in _hookexec
    return self._inner_hookexec(hook, methods, kwargs)
  File &quot;c:\users\kiran\appdata\local\programs\python\python36\lib\site-packages\pluggy\manager.py&quot;, line 87, in &lt;lambda&gt;
    firstresult=hook.spec.opts.get(&quot;firstresult&quot;) if hook.spec else False,
  File &quot;c:\users\kiran\appdata\local\programs\python\python36\lib\site-packages\pluggy\callers.py&quot;, line 187, in _multicall
    res = hook_impl.function(*args)
  File &quot;c:\users\kiran\appdata\local\programs\python\python36\lib\site-packages\_pytest\runner.py&quot;, line 134, in pytest_runtest_call
    item.runtest()
  File &quot;c:\users\kiran\appdata\local\programs\python\python36\lib\site-packages\_pytest\unittest.py&quot;, line 207, in runtest
    self._testcase(result=self)
  File &quot;C:\Users\Kiran\AppData\Local\Programs\Python\Python36\Lib\unittest\case.py&quot;, line 653, in __call__
    return self.run(*args, **kwds)
  File &quot;C:\Users\Kiran\AppData\Local\Programs\Python\Python36\Lib\unittest\case.py&quot;, line 605, in run
    testMethod()
  File &quot;C:\Users\Kiran\PycharmProjects\letskodeit\tests\home\test_login.py&quot;, line 16, in test_validLogin
    self.lp.login(&quot;test@email.com&quot;, &quot;abcabc&quot;)
  File &quot;C:\Users\Kiran\PycharmProjects\letskodeit\pages\home\login_page.py&quot;, line 32, in login
    self.clickLoginLink()
  File &quot;C:\Users\Kiran\PycharmProjects\letskodeit\pages\home\login_page.py&quot;, line 20, in clickLoginLink
    self.elementClick(self._login_link, locatorType=&quot;link&quot;)
  File &quot;C:\Users\Kiran\PycharmProjects\letskodeit\base\selenium_driver.py&quot;, line 82, in elementClick
    print_stack()
<br/> -------------------------------Captured log call-------------------------------- <br/>[32mINFO    [0m LoginPage:selenium_driver.py:70 Element not found with locator: Login and  locatorType: link
[32mINFO    [0m LoginPage:selenium_driver.py:81 Cannot click on the element with locator: Login locatorType: link
[32mINFO    [0m LoginPage:selenium_driver.py:67 Element found with locator: user_email and  locatorType: id
[32mINFO    [0m LoginPage:selenium_driver.py:89 Sent data on element with locator: user_email locatorType: id
[32mINFO    [0m LoginPage:selenium_driver.py:67 Element found with locator: user_password and  locatorType: id
[32mINFO    [0m LoginPage:selenium_driver.py:89 Sent data on element with locator: user_password locatorType: id
[32mINFO    [0m LoginPage:selenium_driver.py:67 Element found with locator: commit and  locatorType: name
[32mINFO    [0m LoginPage:selenium_driver.py:78 Clicked on element with locator: commit locatorType: name
[32mINFO    [0m Util:util.py:81 Actual Text From Application Web UI --&gt; :: Let&#x27;s Kode It
[32mINFO    [0m Util:util.py:82 Expected Text From Application Web UI --&gt; :: Google
[32mINFO    [0m Util:util.py:87 ### VERIFICATION DOES NOT CONTAINS !!!
[1m[31mERROR   [0m TestStatus:teststatus.py:34 ### VERIFICATION FAILED :: + Title Verification
[32mINFO    [0m TestStatus:selenium_driver.py:33 Screenshot save to directory: C:\Users\Kiran\PycharmProjects\letskodeit\base\../screenshots/Title Verification.1598528580851.png
[32mINFO    [0m LoginPage:selenium_driver.py:70 Element not found with locator: //*[@id=&#x27;navbar&#x27;]//span[text()=&#x27;User Settings&#x27;] and  locatorType: xpath
[32mINFO    [0m LoginPage:selenium_driver.py:104 Element not present with locator: //*[@id=&#x27;navbar&#x27;]//span[text()=&#x27;User Settings&#x27;] locatorType: xpath
[1m[31mERROR   [0m TestStatus:teststatus.py:34 ### VERIFICATION FAILED :: + Login Verification
[32mINFO    [0m TestStatus:selenium_driver.py:33 Screenshot save to directory: C:\Users\Kiran\PycharmProjects\letskodeit\base\../screenshots/Login Verification.1598528584209.png
[1m[31mERROR   [0m TestStatus:teststatus.py:61 test_validLogin ### TEST FAILED<br/></div></td></tr></tbody>
      <tbody class="passed results-table-row">
        <tr>
          <td class="col-result">Passed</td>
          <td class="col-name">test_login.py::LoginTests::test_invalidLogin</td>
          <td class="col-duration">9.02</td>
          <td class="col-links"></td></tr>
        <tr>
          <td class="extra" colspan="4">
            <div class="log"> -----------------------------Captured stdout setup------------------------------ <br/>Running one time setUp
Running method level setUp
<br/> ------------------------------Captured stderr call------------------------------ <br/>  File &quot;C:\Users\Kiran\AppData\Local\Programs\Python\Python36\Lib\runpy.py&quot;, line 193, in _run_module_as_main
    &quot;__main__&quot;, mod_spec)
  File &quot;C:\Users\Kiran\AppData\Local\Programs\Python\Python36\Lib\runpy.py&quot;, line 85, in _run_code
    exec(code, run_globals)
  File &quot;C:\Users\Kiran\AppData\Local\Programs\Python\Python36\Scripts\pytest.exe\__main__.py&quot;, line 9, in &lt;module&gt;
    sys.exit(main())
  File &quot;c:\users\kiran\appdata\local\programs\python\python36\lib\site-packages\_pytest\config\__init__.py&quot;, line 93, in main
    config=config
  File &quot;c:\users\kiran\appdata\local\programs\python\python36\lib\site-packages\pluggy\hooks.py&quot;, line 286, in __call__
    return self._hookexec(self, self.get_hookimpls(), kwargs)
  File &quot;c:\users\kiran\appdata\local\programs\python\python36\lib\site-packages\pluggy\manager.py&quot;, line 93, in _hookexec
    return self._inner_hookexec(hook, methods, kwargs)
  File &quot;c:\users\kiran\appdata\local\programs\python\python36\lib\site-packages\pluggy\manager.py&quot;, line 87, in &lt;lambda&gt;
    firstresult=hook.spec.opts.get(&quot;firstresult&quot;) if hook.spec else False,
  File &quot;c:\users\kiran\appdata\local\programs\python\python36\lib\site-packages\pluggy\callers.py&quot;, line 187, in _multicall
    res = hook_impl.function(*args)
  File &quot;c:\users\kiran\appdata\local\programs\python\python36\lib\site-packages\_pytest\main.py&quot;, line 240, in pytest_cmdline_main
    return wrap_session(config, _main)
  File &quot;c:\users\kiran\appdata\local\programs\python\python36\lib\site-packages\_pytest\main.py&quot;, line 197, in wrap_session
    session.exitstatus = doit(config, session) or 0
  File &quot;c:\users\kiran\appdata\local\programs\python\python36\lib\site-packages\_pytest\main.py&quot;, line 247, in _main
    config.hook.pytest_runtestloop(session=session)
  File &quot;c:\users\kiran\appdata\local\programs\python\python36\lib\site-packages\pluggy\hooks.py&quot;, line 286, in __call__
    return self._hookexec(self, self.get_hookimpls(), kwargs)
  File &quot;c:\users\kiran\appdata\local\programs\python\python36\lib\site-packages\pluggy\manager.py&quot;, line 93, in _hookexec
    return self._inner_hookexec(hook, methods, kwargs)
  File &quot;c:\users\kiran\appdata\local\programs\python\python36\lib\site-packages\pluggy\manager.py&quot;, line 87, in &lt;lambda&gt;
    firstresult=hook.spec.opts.get(&quot;firstresult&quot;) if hook.spec else False,
  File &quot;c:\users\kiran\appdata\local\programs\python\python36\lib\site-packages\pluggy\callers.py&quot;, line 187, in _multicall
    res = hook_impl.function(*args)
  File &quot;c:\users\kiran\appdata\local\programs\python\python36\lib\site-packages\_pytest\main.py&quot;, line 271, in pytest_runtestloop
    item.config.hook.pytest_runtest_protocol(item=item, nextitem=nextitem)
  File &quot;c:\users\kiran\appdata\local\programs\python\python36\lib\site-packages\pluggy\hooks.py&quot;, line 286, in __call__
    return self._hookexec(self, self.get_hookimpls(), kwargs)
  File &quot;c:\users\kiran\appdata\local\programs\python\python36\lib\site-packages\pluggy\manager.py&quot;, line 93, in _hookexec
    return self._inner_hookexec(hook, methods, kwargs)
  File &quot;c:\users\kiran\appdata\local\programs\python\python36\lib\site-packages\pluggy\manager.py&quot;, line 87, in &lt;lambda&gt;
    firstresult=hook.spec.opts.get(&quot;firstresult&quot;) if hook.spec else False,
  File &quot;c:\users\kiran\appdata\local\programs\python\python36\lib\site-packages\pluggy\callers.py&quot;, line 187, in _multicall
    res = hook_impl.function(*args)
  File &quot;c:\users\kiran\appdata\local\programs\python\python36\lib\site-packages\_pytest\runner.py&quot;, line 84, in pytest_runtest_protocol
    runtestprotocol(item, nextitem=nextitem)
  File &quot;c:\users\kiran\appdata\local\programs\python\python36\lib\site-packages\_pytest\runner.py&quot;, line 99, in runtestprotocol
    reports.append(call_and_report(item, &quot;call&quot;, log))
  File &quot;c:\users\kiran\appdata\local\programs\python\python36\lib\site-packages\_pytest\runner.py&quot;, line 185, in call_and_report
    call = call_runtest_hook(item, when, **kwds)
  File &quot;c:\users\kiran\appdata\local\programs\python\python36\lib\site-packages\_pytest\runner.py&quot;, line 210, in call_runtest_hook
    lambda: ihook(item=item, **kwds), when=when, reraise=reraise
  File &quot;c:\users\kiran\appdata\local\programs\python\python36\lib\site-packages\_pytest\runner.py&quot;, line 237, in from_call
    result = func()
  File &quot;c:\users\kiran\appdata\local\programs\python\python36\lib\site-packages\_pytest\runner.py&quot;, line 210, in &lt;lambda&gt;
    lambda: ihook(item=item, **kwds), when=when, reraise=reraise
  File &quot;c:\users\kiran\appdata\local\programs\python\python36\lib\site-packages\pluggy\hooks.py&quot;, line 286, in __call__
    return self._hookexec(self, self.get_hookimpls(), kwargs)
  File &quot;c:\users\kiran\appdata\local\programs\python\python36\lib\site-packages\pluggy\manager.py&quot;, line 93, in _hookexec
    return self._inner_hookexec(hook, methods, kwargs)
  File &quot;c:\users\kiran\appdata\local\programs\python\python36\lib\site-packages\pluggy\manager.py&quot;, line 87, in &lt;lambda&gt;
    firstresult=hook.spec.opts.get(&quot;firstresult&quot;) if hook.spec else False,
  File &quot;c:\users\kiran\appdata\local\programs\python\python36\lib\site-packages\pluggy\callers.py&quot;, line 187, in _multicall
    res = hook_impl.function(*args)
  File &quot;c:\users\kiran\appdata\local\programs\python\python36\lib\site-packages\_pytest\runner.py&quot;, line 134, in pytest_runtest_call
    item.runtest()
  File &quot;c:\users\kiran\appdata\local\programs\python\python36\lib\site-packages\_pytest\unittest.py&quot;, line 207, in runtest
    self._testcase(result=self)
  File &quot;C:\Users\Kiran\AppData\Local\Programs\Python\Python36\Lib\unittest\case.py&quot;, line 653, in __call__
    return self.run(*args, **kwds)
  File &quot;C:\Users\Kiran\AppData\Local\Programs\Python\Python36\Lib\unittest\case.py&quot;, line 605, in run
    testMethod()
  File &quot;C:\Users\Kiran\PycharmProjects\letskodeit\tests\home\test_login.py&quot;, line 24, in test_invalidLogin
    self.lp.login(&quot;test@email.com&quot;, &quot;abcabcabc&quot;)
  File &quot;C:\Users\Kiran\PycharmProjects\letskodeit\pages\home\login_page.py&quot;, line 33, in login
    self.enterEmail(email)
  File &quot;C:\Users\Kiran\PycharmProjects\letskodeit\pages\home\login_page.py&quot;, line 23, in enterEmail
    self.sendKeys(email, self._email_field)
  File &quot;C:\Users\Kiran\PycharmProjects\letskodeit\base\selenium_driver.py&quot;, line 93, in sendKeys
    print_stack()
<br/> -------------------------------Captured log call-------------------------------- <br/>[32mINFO    [0m LoginPage:selenium_driver.py:67 Element found with locator: Login and  locatorType: link
[32mINFO    [0m LoginPage:selenium_driver.py:78 Clicked on element with locator: Login locatorType: link
[32mINFO    [0m LoginPage:selenium_driver.py:70 Element not found with locator: user_email and  locatorType: id
[32mINFO    [0m LoginPage:selenium_driver.py:92 Cannot send data on the element with locator: user_email locatorType: id
[32mINFO    [0m LoginPage:selenium_driver.py:67 Element found with locator: user_password and  locatorType: id
[32mINFO    [0m LoginPage:selenium_driver.py:89 Sent data on element with locator: user_password locatorType: id
[32mINFO    [0m LoginPage:selenium_driver.py:67 Element found with locator: commit and  locatorType: name
[32mINFO    [0m LoginPage:selenium_driver.py:78 Clicked on element with locator: commit locatorType: name
[32mINFO    [0m LoginPage:selenium_driver.py:67 Element found with locator: //div[contains(text(),&#x27;Invalid email or password&#x27;)] and  locatorType: xpath
[32mINFO    [0m LoginPage:selenium_driver.py:100 Element present with locator: //div[contains(text(),&#x27;Invalid email or password&#x27;)] locatorType: xpath<br/></div></td></tr></tbody></table></body></html>